Determining if the pthread_create exist failed with the following output:
Change Dir: /home/foggy/dlvo-master-compact/CMakeFiles/CMakeTmp

Run Build Command:"/usr/bin/make" "cmTC_6369a/fast"
/usr/bin/make -f CMakeFiles/cmTC_6369a.dir/build.make CMakeFiles/cmTC_6369a.dir/build
make[1]: Entering directory '/home/foggy/dlvo-master-compact/CMakeFiles/CMakeTmp'
Building C object CMakeFiles/cmTC_6369a.dir/CheckSymbolExists.c.o
/usr/bin/cc    -o CMakeFiles/cmTC_6369a.dir/CheckSymbolExists.c.o   -c /home/foggy/dlvo-master-compact/CMakeFiles/CMakeTmp/CheckSymbolExists.c
Linking C executable cmTC_6369a
/usr/bin/cmake -E cmake_link_script CMakeFiles/cmTC_6369a.dir/link.txt --verbose=1
/usr/bin/cc      -rdynamic CMakeFiles/cmTC_6369a.dir/CheckSymbolExists.c.o  -o cmTC_6369a 
CMakeFiles/cmTC_6369a.dir/CheckSymbolExists.c.o: In function `main':
CheckSymbolExists.c:(.text+0x1b): undefined reference to `pthread_create'
collect2: error: ld returned 1 exit status
CMakeFiles/cmTC_6369a.dir/build.make:97: recipe for target 'cmTC_6369a' failed
make[1]: *** [cmTC_6369a] Error 1
make[1]: Leaving directory '/home/foggy/dlvo-master-compact/CMakeFiles/CMakeTmp'
Makefile:126: recipe for target 'cmTC_6369a/fast' failed
make: *** [cmTC_6369a/fast] Error 2

File /home/foggy/dlvo-master-compact/CMakeFiles/CMakeTmp/CheckSymbolExists.c:
/* */
#include <pthread.h>

int main(int argc, char** argv)
{
  (void)argv;
#ifndef pthread_create
  return ((int*)(&pthread_create))[argc];
#else
  (void)argc;
  return 0;
#endif
}

Determining if the function pthread_create exists in the pthreads failed with the following output:
Change Dir: /home/foggy/dlvo-master-compact/CMakeFiles/CMakeTmp

Run Build Command:"/usr/bin/make" "cmTC_b3bcf/fast"
/usr/bin/make -f CMakeFiles/cmTC_b3bcf.dir/build.make CMakeFiles/cmTC_b3bcf.dir/build
make[1]: Entering directory '/home/foggy/dlvo-master-compact/CMakeFiles/CMakeTmp'
Building C object CMakeFiles/cmTC_b3bcf.dir/CheckFunctionExists.c.o
/usr/bin/cc   -DCHECK_FUNCTION_EXISTS=pthread_create   -o CMakeFiles/cmTC_b3bcf.dir/CheckFunctionExists.c.o   -c /usr/share/cmake-3.10/Modules/CheckFunctionExists.c
Linking C executable cmTC_b3bcf
/usr/bin/cmake -E cmake_link_script CMakeFiles/cmTC_b3bcf.dir/link.txt --verbose=1
/usr/bin/cc  -DCHECK_FUNCTION_EXISTS=pthread_create    -rdynamic CMakeFiles/cmTC_b3bcf.dir/CheckFunctionExists.c.o  -o cmTC_b3bcf -lpthreads 
/usr/bin/ld: cannot find -lpthreads
collect2: error: ld returned 1 exit status
CMakeFiles/cmTC_b3bcf.dir/build.make:97: recipe for target 'cmTC_b3bcf' failed
make[1]: *** [cmTC_b3bcf] Error 1
make[1]: Leaving directory '/home/foggy/dlvo-master-compact/CMakeFiles/CMakeTmp'
Makefile:126: recipe for target 'cmTC_b3bcf/fast' failed
make: *** [cmTC_b3bcf/fast] Error 2


